C:\VCWORKSPACE\COCOS2D-2.0-RC2-X-2.0.1\QBALL\PROJ.WIN32\RELEASE.WIN32\APPDELEGATE.OBJ
C:\VCWORKSPACE\COCOS2D-2.0-RC2-X-2.0.1\QBALL\PROJ.WIN32\RELEASE.WIN32\BALL.OBJ
C:\vcWorkspace\cocos2d-2.0-rc2-x-2.0.1\qball\proj.win32\Release.win32\cl.command.1.tlog
C:\vcWorkspace\cocos2d-2.0-rc2-x-2.0.1\qball\proj.win32\Release.win32\CL.read.1.tlog
C:\vcWorkspace\cocos2d-2.0-rc2-x-2.0.1\qball\proj.win32\Release.win32\CL.write.1.tlog
C:\VCWORKSPACE\COCOS2D-2.0-RC2-X-2.0.1\QBALL\PROJ.WIN32\RELEASE.WIN32\GLES-RENDER.OBJ
C:\VCWORKSPACE\COCOS2D-2.0-RC2-X-2.0.1\QBALL\PROJ.WIN32\RELEASE.WIN32\HELLOWORLDSCENE.OBJ
C:\vcWorkspace\cocos2d-2.0-rc2-x-2.0.1\qball\proj.win32\Release.win32\link.command.1.tlog
C:\vcWorkspace\cocos2d-2.0-rc2-x-2.0.1\qball\proj.win32\Release.win32\link.read.1.tlog
C:\vcWorkspace\cocos2d-2.0-rc2-x-2.0.1\qball\proj.win32\Release.win32\link.write.1.tlog
C:\vcWorkspace\cocos2d-2.0-rc2-x-2.0.1\qball\proj.win32\Release.win32\link-cvtres.read.1.tlog
C:\vcWorkspace\cocos2d-2.0-rc2-x-2.0.1\qball\proj.win32\Release.win32\link-cvtres.write.1.tlog
C:\VCWORKSPACE\COCOS2D-2.0-RC2-X-2.0.1\QBALL\PROJ.WIN32\RELEASE.WIN32\MAIN.OBJ
C:\vcWorkspace\cocos2d-2.0-rc2-x-2.0.1\qball\proj.win32\Release.win32\mt.command.1.tlog
C:\vcWorkspace\cocos2d-2.0-rc2-x-2.0.1\qball\proj.win32\Release.win32\mt.read.1.tlog
C:\vcWorkspace\cocos2d-2.0-rc2-x-2.0.1\qball\proj.win32\Release.win32\mt.write.1.tlog
C:\VCWORKSPACE\COCOS2D-2.0-RC2-X-2.0.1\QBALL\PROJ.WIN32\RELEASE.WIN32\QBALL.RES
C:\VCWORKSPACE\COCOS2D-2.0-RC2-X-2.0.1\QBALL\PROJ.WIN32\RELEASE.WIN32\QBALL.WIN32.EXE.INTERMEDIATE.MANIFEST
C:\vcWorkspace\cocos2d-2.0-rc2-x-2.0.1\qball\proj.win32\Release.win32\rc.command.1.tlog
C:\vcWorkspace\cocos2d-2.0-rc2-x-2.0.1\qball\proj.win32\Release.win32\rc.read.1.tlog
C:\vcWorkspace\cocos2d-2.0-rc2-x-2.0.1\qball\proj.win32\Release.win32\rc.write.1.tlog
C:\VCWORKSPACE\COCOS2D-2.0-RC2-X-2.0.1\QBALL\PROJ.WIN32\RELEASE.WIN32\SHADERNODE.OBJ
C:\VCWORKSPACE\COCOS2D-2.0-RC2-X-2.0.1\QBALL\PROJ.WIN32\RELEASE.WIN32\SPRITESHADER.OBJ
C:\VCWORKSPACE\COCOS2D-2.0-RC2-X-2.0.1\QBALL\PROJ.WIN32\RELEASE.WIN32\STAGESCENE.OBJ
C:\VCWORKSPACE\COCOS2D-2.0-RC2-X-2.0.1\RELEASE.WIN32\QBALL.WIN32.EXE
